Checkers_one.obj : error LNK2019: ссылка на неразрешенный внешний символ "__declspec(dllimport) public: __cdecl sf::String::String(wchar_t const *)" (__imp_??0String@sf@@QEAA@PEB_W@Z) в функции main.
Checkers_one.obj : error LNK2019: ссылка на неразрешенный внешний символ "__declspec(dllimport) public: __cdecl sf::String::~String(void)" (__imp_??1String@sf@@QEAA@XZ) в функции main.
Checkers_one.obj : error LNK2019: ссылка на неразрешенный внешний символ "__declspec(dllimport) public: static class sf::Vector2<int> __cdecl sf::Mouse::getPosition(class sf::Window const &)" (__imp_?getPosition@Mouse@sf@@SA?AV?$Vector2@H@2@AEBVWindow@2@@Z) в функции main.
Checkers_one.obj : error LNK2019: ссылка на неразрешенный внешний символ "__declspec(dllimport) public: __cdecl sf::VideoMode::VideoMode(unsigned int,unsigned int,unsigned int)" (__imp_??0VideoMode@sf@@QEAA@III@Z) в функции main.
Checkers_one.obj : error LNK2019: ссылка на неразрешенный внешний символ "__declspec(dllimport) public: void __cdecl sf::Window::close(void)" (__imp_?close@Window@sf@@QEAAXXZ) в функции main.
Checkers_one.obj : error LNK2019: ссылка на неразрешенный внешний символ "__declspec(dllimport) public: bool __cdecl sf::Window::isOpen(void)const " (__imp_?isOpen@Window@sf@@QEBA_NXZ) в функции main.
Checkers_one.obj : error LNK2019: ссылка на неразрешенный внешний символ "__declspec(dllimport) public: bool __cdecl sf::Window::pollEvent(class sf::Event &)" (__imp_?pollEvent@Window@sf@@QEAA_NAEAVEvent@2@@Z) в функции main.
Checkers_one.obj : error LNK2019: ссылка на неразрешенный внешний символ "__declspec(dllimport) public: void __cdecl sf::Window::setIcon(unsigned int,unsigned int,unsigned char const *)" (__imp_?setIcon@Window@sf@@QEAAXIIPEBE@Z) в функции main.
Checkers_one.obj : error LNK2019: ссылка на неразрешенный внешний символ "__declspec(dllimport) public: void __cdecl sf::Window::display(void)" (__imp_?display@Window@sf@@QEAAXXZ) в функции main.
Checkers_one.obj : error LNK2019: ссылка на неразрешенный внешний символ "__declspec(dllimport) public: void __cdecl sf::Transformable::setPosition(float,float)" (__imp_?setPosition@Transformable@sf@@QEAAXMM@Z) в функции main.
Checkers_one.obj : error LNK2019: ссылка на неразрешенный внешний символ "__declspec(dllimport) public: __cdecl sf::Color::Color(unsigned char,unsigned char,unsigned char,unsigned char)" (__imp_??0Color@sf@@QEAA@EEEE@Z) в функции main.
Checkers_one.obj : error LNK2019: ссылка на неразрешенный внешний символ "__declspec(dllimport) public: __cdecl sf::Image::Image(void)" (__imp_??0Image@sf@@QEAA@XZ) в функции main.
Checkers_one.obj : error LNK2019: ссылка на неразрешенный внешний символ "__declspec(dllimport) public: __cdecl sf::Image::~Image(void)" (__imp_??1Image@sf@@QEAA@XZ) в функции main.
Checkers_one.obj : error LNK2019: ссылка на неразрешенный внешний символ "__declspec(dllimport) public: bool __cdecl sf::Image::loadFromFile(class std::basic_string<char,struct std::char_traits<char>,class std::allocator<char> > const &)" (__imp_?loadFromFile@Image@sf@@QEAA_NAEBV?$basic_string@DU?$char_traits@D@std@@V?$allocator@D@2@@std@@@Z) в функции main.
Checkers_one.obj : error LNK2019: ссылка на неразрешенный внешний символ "__declspec(dllimport) public: unsigned char const * __cdecl sf::Image::getPixelsPtr(void)const " (__imp_?getPixelsPtr@Image@sf@@QEBAPEBEXZ) в функции main.
Checkers_one.obj : error LNK2019: ссылка на неразрешенный внешний символ "__declspec(dllimport) public: __cdecl sf::Texture::Texture(void)" (__imp_??0Texture@sf@@QEAA@XZ) в функции main.
Checkers_one.obj : error LNK2019: ссылка на неразрешенный внешний символ "__declspec(dllimport) public: __cdecl sf::Texture::~Texture(void)" (__imp_??1Texture@sf@@QEAA@XZ) в функции main.
Checkers_one.obj : error LNK2019: ссылка на неразрешенный внешний символ "__declspec(dllimport) public: bool __cdecl sf::Texture::loadFromFile(class std::basic_string<char,struct std::char_traits<char>,class std::allocator<char> > const &,class sf::Rect<int> const &)" (__imp_?loadFromFile@Texture@sf@@QEAA_NAEBV?$basic_string@DU?$char_traits@D@std@@V?$allocator@D@2@@std@@AEBV?$Rect@H@2@@Z) в функции main.
Checkers_one.obj : error LNK2019: ссылка на неразрешенный внешний символ "__declspec(dllimport) public: void __cdecl sf::RenderTarget::clear(class sf::Color const &)" (__imp_?clear@RenderTarget@sf@@QEAAXAEBVColor@2@@Z) в функции main.
Checkers_one.obj : error LNK2019: ссылка на неразрешенный внешний символ "__declspec(dllimport) public: void __cdecl sf::RenderTarget::draw(class sf::Drawable const &,class sf::RenderStates const &)" (__imp_?draw@RenderTarget@sf@@QEAAXAEBVDrawable@2@AEBVRenderStates@2@@Z) в функции main.
Checkers_one.obj : error LNK2019: ссылка на неразрешенный внешний символ "__declspec(dllimport) public: __cdecl sf::RenderWindow::RenderWindow(class sf::VideoMode,class sf::String const &,unsigned int,struct sf::ContextSettings const &)" (__imp_??0RenderWindow@sf@@QEAA@VVideoMode@1@AEBVString@1@IAEBUContextSettings@1@@Z) в функции main.
Checkers_one.obj : error LNK2019: ссылка на неразрешенный внешний символ "__declspec(dllimport) public: virtual __cdecl sf::RenderWindow::~RenderWindow(void)" (__imp_??1RenderWindow@sf@@UEAA@XZ) в функции main.
Checkers_one.obj : error LNK2019: ссылка на неразрешенный внешний символ "__declspec(dllimport) public: __cdecl sf::Sprite::Sprite(void)" (__imp_??0Sprite@sf@@QEAA@XZ) в функции main.
Checkers_one.obj : error LNK2019: ссылка на неразрешенный внешний символ "__declspec(dllimport) public: __cdecl sf::Sprite::Sprite(class sf::Texture const &)" (__imp_??0Sprite@sf@@QEAA@AEBVTexture@1@@Z) в функции main.
Checkers_one.obj : error LNK2019: ссылка на неразрешенный внешний символ "__declspec(dllimport) public: virtual __cdecl sf::Sprite::~Sprite(void)" (__imp_??1Sprite@sf@@UEAA@XZ) в функции main.
Checkers_one.obj : error LNK2019: ссылка на неразрешенный внешний символ "__declspec(dllimport) public: class sf::Sprite & __cdecl sf::Sprite::operator=(class sf::Sprite const &)" (__imp_??4Sprite@sf@@QEAAAEAV01@AEBV01@@Z) в функции main.
Checkers_one.obj : error LNK2019: ссылка на неразрешенный внешний символ "__declspec(dllimport) public: static class sf::RenderStates const sf::RenderStates::Default" (__imp_?Default@RenderStates@sf@@2V12@B) в функции main.
D:\VS\Checkers_one\x64\Debug\Checkers_one.exe : fatal error LNK1120: неразрешенных внешних элементов: 27
