  Checkers_one.cpp
D:\VS\Checkers_one\Checkers_one\Checkers_one.cpp(412,18): warning C4244: =: преобразование "int" в "float", возможна потеря данных
D:\VS\Checkers_one\Checkers_one\Checkers_one.cpp(413,18): warning C4244: =: преобразование "int" в "float", возможна потеря данных
D:\VS\Checkers_one\Checkers_one\Checkers_one.cpp(581,45): warning C4244: аргумент: преобразование "int" в "float", возможна потеря данных
D:\VS\Checkers_one\Checkers_one\Checkers_one.cpp(581,35): warning C4244: аргумент: преобразование "int" в "float", возможна потеря данных
D:\VS\Checkers_one\Checkers_one\Checkers_one.cpp(587,45): warning C4244: аргумент: преобразование "int" в "float", возможна потеря данных
D:\VS\Checkers_one\Checkers_one\Checkers_one.cpp(587,35): warning C4244: аргумент: преобразование "int" в "float", возможна потеря данных
D:\VS\Checkers_one\Checkers_one\Checkers_one.cpp(593,46): warning C4244: аргумент: преобразование "int" в "float", возможна потеря данных
D:\VS\Checkers_one\Checkers_one\Checkers_one.cpp(593,36): warning C4244: аргумент: преобразование "int" в "float", возможна потеря данных
D:\VS\Checkers_one\Checkers_one\Checkers_one.cpp(599,46): warning C4244: аргумент: преобразование "int" в "float", возможна потеря данных
D:\VS\Checkers_one\Checkers_one\Checkers_one.cpp(599,36): warning C4244: аргумент: преобразование "int" в "float", возможна потеря данных
D:\VS\Checkers_one\Checkers_one\Checkers_one.cpp(606,31): warning C4244: аргумент: преобразование "int" в "float", возможна потеря данных
D:\VS\Checkers_one\Checkers_one\Checkers_one.cpp(615,34): warning C4244: аргумент: преобразование "int" в "float", возможна потеря данных
D:\VS\Checkers_one\Checkers_one\Checkers_one.cpp(620,34): warning C4244: аргумент: преобразование "int" в "float", возможна потеря данных
D:\VS\Checkers_one\Checkers_one\Checkers_one.cpp(626,37): warning C4244: аргумент: преобразование "int" в "float", возможна потеря данных
D:\VS\Checkers_one\Checkers_one\Checkers_one.cpp(628,66): warning C4244: аргумент: преобразование "int" в "float", возможна потеря данных
D:\VS\Checkers_one\Checkers_one\Checkers_one.cpp(628,43): warning C4244: аргумент: преобразование "int" в "float", возможна потеря данных
D:\VS\Checkers_one\Checkers_one\Checkers_one.cpp(635,37): warning C4244: аргумент: преобразование "int" в "float", возможна потеря данных
D:\VS\Checkers_one\Checkers_one\Checkers_one.cpp(638,66): warning C4244: аргумент: преобразование "int" в "float", возможна потеря данных
D:\VS\Checkers_one\Checkers_one\Checkers_one.cpp(638,43): warning C4244: аргумент: преобразование "int" в "float", возможна потеря данных
D:\VS\Checkers_one\Checkers_one\Checkers_one.cpp(647,38): warning C4244: аргумент: преобразование "int" в "float", возможна потеря данных
D:\VS\Checkers_one\Checkers_one\Checkers_one.cpp(652,38): warning C4244: аргумент: преобразование "int" в "float", возможна потеря данных
Checkers_one.obj : error LNK2001: неразрешенный внешний символ "__declspec(dllimport) public: static class sf::RenderStates const sf::RenderStates::Default" (__imp_?Default@RenderStates@sf@@2V12@B).
Checkers_one.obj : error LNK2001: неразрешенный внешний символ "__declspec(dllimport) public: static class sf::Color const sf::Color::White" (__imp_?White@Color@sf@@2V12@B).
Checkers_one.obj : error LNK2001: неразрешенный внешний символ "__declspec(dllimport) public: void __thiscall sf::Transformable::setPosition(float,float)" (__imp_?setPosition@Transformable@sf@@QAEXMM@Z).
Checkers_one.obj : error LNK2001: неразрешенный внешний символ "__declspec(dllimport) public: bool __thiscall sf::Texture::loadFromFile(class std::basic_string<char,struct std::char_traits<char>,class std::allocator<char> > const &,class sf::Rect<int> const &)" (__imp_?loadFromFile@Texture@sf@@QAE_NABV?$basic_string@DU?$char_traits@D@std@@V?$allocator@D@2@@std@@ABV?$Rect@H@2@@Z).
Checkers_one.obj : error LNK2001: неразрешенный внешний символ "__declspec(dllimport) public: __thiscall sf::Texture::~Texture(void)" (__imp_??1Texture@sf@@QAE@XZ).
Checkers_one.obj : error LNK2001: неразрешенный внешний символ "__declspec(dllimport) public: __thiscall sf::Texture::Texture(void)" (__imp_??0Texture@sf@@QAE@XZ).
Checkers_one.obj : error LNK2001: неразрешенный внешний символ "__declspec(dllimport) public: bool __thiscall sf::Font::loadFromFile(class std::basic_string<char,struct std::char_traits<char>,class std::allocator<char> > const &)" (__imp_?loadFromFile@Font@sf@@QAE_NABV?$basic_string@DU?$char_traits@D@std@@V?$allocator@D@2@@std@@@Z).
Checkers_one.obj : error LNK2001: неразрешенный внешний символ "__declspec(dllimport) public: __thiscall sf::Font::~Font(void)" (__imp_??1Font@sf@@QAE@XZ).
Checkers_one.obj : error LNK2001: неразрешенный внешний символ "__declspec(dllimport) public: __thiscall sf::Font::Font(void)" (__imp_??0Font@sf@@QAE@XZ).
Checkers_one.obj : error LNK2001: неразрешенный внешний символ "__declspec(dllimport) class sf::String __cdecl sf::operator+(class sf::String const &,class sf::String const &)" (__imp_??Hsf@@YA?AVString@0@ABV10@0@Z).
Checkers_one.obj : error LNK2001: неразрешенный внешний символ "__declspec(dllimport) public: virtual __thiscall sf::RenderWindow::~RenderWindow(void)" (__imp_??1RenderWindow@sf@@UAE@XZ).
Checkers_one.obj : error LNK2001: неразрешенный внешний символ "__declspec(dllimport) public: __thiscall sf::RenderWindow::RenderWindow(class sf::VideoMode,class sf::String const &,unsigned int,struct sf::ContextSettings const &)" (__imp_??0RenderWindow@sf@@QAE@VVideoMode@1@ABVString@1@IABUContextSettings@1@@Z).
Checkers_one.obj : error LNK2001: неразрешенный внешний символ "__declspec(dllimport) public: __thiscall sf::Color::Color(unsigned char,unsigned char,unsigned char,unsigned char)" (__imp_??0Color@sf@@QAE@EEEE@Z).
Checkers_one.obj : error LNK2001: неразрешенный внешний символ "__declspec(dllimport) public: unsigned char const * __thiscall sf::Image::getPixelsPtr(void)const " (__imp_?getPixelsPtr@Image@sf@@QBEPBEXZ).
Checkers_one.obj : error LNK2001: неразрешенный внешний символ "__declspec(dllimport) public: bool __thiscall sf::Image::loadFromFile(class std::basic_string<char,struct std::char_traits<char>,class std::allocator<char> > const &)" (__imp_?loadFromFile@Image@sf@@QAE_NABV?$basic_string@DU?$char_traits@D@std@@V?$allocator@D@2@@std@@@Z).
Checkers_one.obj : error LNK2001: неразрешенный внешний символ "__declspec(dllimport) public: __thiscall sf::Image::~Image(void)" (__imp_??1Image@sf@@QAE@XZ).
Checkers_one.obj : error LNK2001: неразрешенный внешний символ "__declspec(dllimport) public: __thiscall sf::Image::Image(void)" (__imp_??0Image@sf@@QAE@XZ).
Checkers_one.obj : error LNK2001: неразрешенный внешний символ "__declspec(dllimport) public: static class sf::Color const sf::Color::Black" (__imp_?Black@Color@sf@@2V12@B).
Checkers_one.obj : error LNK2001: неразрешенный внешний символ "__declspec(dllimport) public: void __thiscall sf::Window::display(void)" (__imp_?display@Window@sf@@QAEXXZ).
Checkers_one.obj : error LNK2001: неразрешенный внешний символ "__declspec(dllimport) public: void __thiscall sf::Window::setIcon(unsigned int,unsigned int,unsigned char const *)" (__imp_?setIcon@Window@sf@@QAEXIIPBE@Z).
Checkers_one.obj : error LNK2001: неразрешенный внешний символ "__declspec(dllimport) public: bool __thiscall sf::Window::pollEvent(class sf::Event &)" (__imp_?pollEvent@Window@sf@@QAE_NAAVEvent@2@@Z).
Checkers_one.obj : error LNK2001: неразрешенный внешний символ "__declspec(dllimport) public: bool __thiscall sf::Window::isOpen(void)const " (__imp_?isOpen@Window@sf@@QBE_NXZ).
Checkers_one.obj : error LNK2001: неразрешенный внешний символ "__declspec(dllimport) public: void __thiscall sf::Window::close(void)" (__imp_?close@Window@sf@@QAEXXZ).
Checkers_one.obj : error LNK2001: неразрешенный внешний символ "__declspec(dllimport) public: void __thiscall sf::RenderTarget::draw(class sf::Drawable const &,class sf::RenderStates const &)" (__imp_?draw@RenderTarget@sf@@QAEXABVDrawable@2@ABVRenderStates@2@@Z).
Checkers_one.obj : error LNK2001: неразрешенный внешний символ "__declspec(dllimport) public: void __thiscall sf::RenderTarget::clear(class sf::Color const &)" (__imp_?clear@RenderTarget@sf@@QAEXABVColor@2@@Z).
Checkers_one.obj : error LNK2001: неразрешенный внешний символ "__declspec(dllimport) public: __thiscall sf::String::String(char const *,class std::locale const &)" (__imp_??0String@sf@@QAE@PBDABVlocale@std@@@Z).
Checkers_one.obj : error LNK2001: неразрешенный внешний символ "__declspec(dllimport) public: __thiscall sf::String::String(class std::basic_string<char,struct std::char_traits<char>,class std::allocator<char> > const &,class std::locale const &)" (__imp_??0String@sf@@QAE@ABV?$basic_string@DU?$char_traits@D@std@@V?$allocator@D@2@@std@@ABVlocale@3@@Z).
Checkers_one.obj : error LNK2001: неразрешенный внешний символ "__declspec(dllimport) public: __thiscall sf::String::String(wchar_t const *)" (__imp_??0String@sf@@QAE@PB_W@Z).
Checkers_one.obj : error LNK2001: неразрешенный внешний символ "__declspec(dllimport) public: __thiscall sf::VideoMode::VideoMode(unsigned int,unsigned int,unsigned int)" (__imp_??0VideoMode@sf@@QAE@III@Z).
Checkers_one.obj : error LNK2001: неразрешенный внешний символ "__declspec(dllimport) public: __thiscall sf::Sprite::Sprite(void)" (__imp_??0Sprite@sf@@QAE@XZ).
Checkers_one.obj : error LNK2001: неразрешенный внешний символ "__declspec(dllimport) public: __thiscall sf::Sprite::Sprite(class sf::Texture const &)" (__imp_??0Sprite@sf@@QAE@ABVTexture@1@@Z).
Checkers_one.obj : error LNK2001: неразрешенный внешний символ "__declspec(dllimport) public: void __thiscall sf::Text::setFillColor(class sf::Color const &)" (__imp_?setFillColor@Text@sf@@QAEXABVColor@2@@Z).
Checkers_one.obj : error LNK2001: неразрешенный внешний символ "__declspec(dllimport) public: void __thiscall sf::Text::setStyle(unsigned int)" (__imp_?setStyle@Text@sf@@QAEXI@Z).
Checkers_one.obj : error LNK2001: неразрешенный внешний символ "__declspec(dllimport) public: void __thiscall sf::Text::setString(class sf::String const &)" (__imp_?setString@Text@sf@@QAEXABVString@2@@Z).
Checkers_one.obj : error LNK2001: неразрешенный внешний символ "__declspec(dllimport) public: __thiscall sf::Text::Text(class sf::String const &,class sf::Font const &,unsigned int)" (__imp_??0Text@sf@@QAE@ABVString@1@ABVFont@1@I@Z).
Checkers_one.obj : error LNK2001: неразрешенный внешний символ "__declspec(dllimport) public: static class sf::Vector2<int> __cdecl sf::Mouse::getPosition(class sf::Window const &)" (__imp_?getPosition@Mouse@sf@@SA?AV?$Vector2@H@2@ABVWindow@2@@Z).
Checkers_one.obj : error LNK2001: неразрешенный внешний символ "__declspec(dllimport) public: class sf::Sprite & __thiscall sf::Sprite::operator=(class sf::Sprite const &)" (__imp_??4Sprite@sf@@QAEAAV01@ABV01@@Z).
Checkers_one.obj : error LNK2001: неразрешенный внешний символ "__declspec(dllimport) public: virtual __thiscall sf::Sprite::~Sprite(void)" (__imp_??1Sprite@sf@@UAE@XZ).
Checkers_one.obj : error LNK2001: неразрешенный внешний символ "__declspec(dllimport) public: virtual __thiscall sf::Text::~Text(void)" (__imp_??1Text@sf@@UAE@XZ).
Checkers_one.obj : error LNK2001: неразрешенный внешний символ "__declspec(dllimport) public: __thiscall sf::String::~String(void)" (__imp_??1String@sf@@QAE@XZ).
D:\VS\Checkers_one\Release\Checkers_one.exe : fatal error LNK1120: неразрешенных внешних элементов: 40
